[debug] [2019-08-07T09:17:30.141Z] ----------------------------------------------------------------------
[debug] [2019-08-07T09:17:30.146Z] Command:       C:\Program Files\nodejs\node.exe C:\Users\Ahmed Eslwerkey\AppData\Roaming\npm\node_modules\firebase-tools\lib\bin\firebase.js deploy
[debug] [2019-08-07T09:17:30.147Z] CLI Version:   7.0.2
[debug] [2019-08-07T09:17:30.147Z] Platform:      win32
[debug] [2019-08-07T09:17:30.147Z] Node Version:  v10.16.0
[debug] [2019-08-07T09:17:30.149Z] Time:          Wed Aug 07 2019 11:17:30 GMT+0200 (Eastern European Standard Time)
[debug] [2019-08-07T09:17:30.149Z] ----------------------------------------------------------------------
[debug] 
[debug] [2019-08-07T09:17:30.179Z] > command requires scopes: ["email","openid","https://www.googleapis.com/auth/cloudplatformprojects.readonly","https://www.googleapis.com/auth/firebase","https://www.googleapis.com/auth/cloud-platform"]
[debug] [2019-08-07T09:17:30.181Z] > authorizing via signed-in user
[debug] [2019-08-07T09:17:30.181Z] [iam] checking project elswer-key for permissions ["firebase.projects.get","firebasedatabase.instances.update","firebasehosting.sites.update"]
[debug] [2019-08-07T09:17:30.186Z] >>> HTTP REQUEST POST https://cloudresourcemanager.googleapis.com/v1/projects/elswer-key:testIamPermissions  

[debug] [2019-08-07T09:17:31.379Z] <<< HTTP RESPONSE 200
[debug] [2019-08-07T09:17:31.383Z] >>> HTTP REQUEST GET https://firebase.googleapis.com/v1beta1/projects/elswer-key  
 
[debug] [2019-08-07T09:17:31.945Z] <<< HTTP RESPONSE 200
[info] 
[info] === Deploying to 'elswer-key'...
[info] 
[info] i  deploying database, hosting
[info] i  database: checking rules syntax...
[debug] [2019-08-07T09:17:31.959Z] >>> HTTP REQUEST PUT https://elswer-key.firebaseio.com/.settings/rules.json?dryRun=true  
 {
  /* Visit https://firebase.google.com/docs/database/security to learn more about security rules. */
  "rules": {
    ".read": true,
    ".write": true
  }
}
[debug] [2019-08-07T09:17:32.870Z] <<< HTTP RESPONSE 200
[info] +  database: rules syntax for database elswer-key is valid
[debug] [2019-08-07T09:17:32.874Z] >>> HTTP REQUEST POST https://firebasehosting.googleapis.com/v1beta1/sites/swerky/versions  

[debug] [2019-08-07T09:17:34.720Z] <<< HTTP RESPONSE 200
[info] i  hosting[swerky]: beginning deploy...
[info] i  hosting[swerky]: found 182 files in public
[debug] [2019-08-07T09:17:34.841Z] [hosting] hash cache [cHVibGlj] load error: lines is not defined
[debug] [2019-08-07T09:17:35.752Z] [hosting] hash cache [cHVibGlj] stored for 182 files
[debug] [2019-08-07T09:17:35.753Z] [hosting][hash queue][FINAL]
[debug] [2019-08-07T09:17:35.753Z] >>> HTTP REQUEST POST https://firebasehosting.googleapis.com/v1beta1/sites/swerky/versions/c9f044dd465df240:populateFiles  
 <request body omitted>
[debug] [2019-08-07T09:17:39.314Z] <<< HTTP RESPONSE 200
[debug] [2019-08-07T09:17:39.320Z] [hosting][populate queue][FINAL]
[debug] [2019-08-07T09:17:39.320Z] [hosting] uploads queued: 1
